<?xml version="1.0" encoding="UTF-8"?>
<!-- Generated by org.testng.reporters.JUnitReportReporter -->
<testsuite hostname="ASUS" failures="0" tests="1" name="Maven_Demo_Project3.Demo_Project3.Driver" time="0.061" errors="0" timestamp="12 Aug 2018 12:36:13 GMT" skipped="0">
  <testcase classname="Maven_Demo_Project3.Demo_Project3.Driver" name="Testing" time="0.061"/>
</testsuite> <!-- Maven_Demo_Project3.Demo_Project3.Driver -->
